d:\development\c++\projects\finalb2aznallah\finaltask\finaltask\debug\vc142.pdb
d:\development\c++\projects\finalb2aznallah\finaltask\finaltask\debug\vc142.idb
d:\development\c++\projects\finalb2aznallah\finaltask\finaltask\debug\classes.obj
d:\development\c++\projects\finalb2aznallah\finaltask\finaltask\debug\finaltask.obj
c:\users\dell\downloads\telegram desktop\yarbahmednasrymot\finaltask\finaltask\debug\vc142.pdb
c:\users\dell\downloads\telegram desktop\yarbahmednasrymot\finaltask\finaltask\debug\vc142.idb
c:\users\dell\downloads\telegram desktop\yarbahmednasrymot\finaltask\finaltask\debug\finaltask.obj
d:\development\c++\projects\finalb2aznallah\finaltask\debug\finaltask.exe
d:\development\c++\projects\finalb2aznallah\finaltask\finaltask\debug\finaltask.ilk
d:\development\c++\projects\finalb2aznallah\finaltask\debug\finaltask.pdb
c:\users\dell\downloads\telegram desktop\yarbahmednasrymot\finaltask\finaltask\debug\classes.obj
c:\users\dell\downloads\telegram desktop\yarbahmednasrymot\finaltask\finaltask\debug\finaltask.ilk
c:\users\dell\downloads\telegram desktop\yarbahmednasrymot\finaltask\debug\finaltask.pdb
c:\users\dell\downloads\telegram desktop\yarbahmednasrymot\finaltask\debug\finaltask.exe
c:\users\dell\downloads\telegram desktop\yarbahmednasrymot\finaltask\finaltask\debug\finaltask.tlog\cl.command.1.tlog
c:\users\dell\downloads\telegram desktop\yarbahmednasrymot\finaltask\finaltask\debug\finaltask.tlog\cl.read.1.tlog
c:\users\dell\downloads\telegram desktop\yarbahmednasrymot\finaltask\finaltask\debug\finaltask.tlog\cl.write.1.tlog
c:\users\dell\downloads\telegram desktop\yarbahmednasrymot\finaltask\finaltask\debug\finaltask.tlog\link.command.1.tlog
c:\users\dell\downloads\telegram desktop\yarbahmednasrymot\finaltask\finaltask\debug\finaltask.tlog\link.read.1.tlog
c:\users\dell\downloads\telegram desktop\yarbahmednasrymot\finaltask\finaltask\debug\finaltask.tlog\link.write.1.tlog
